CRITICAL - 2022-07-02 08:18:59 --> Attempt to read property "email" on null
in APPPATH\Views\layouts\admin\header.php on line 15.
 1 APPPATH\Views\layouts\admin\header.php(15): CodeIgniter\Debug\Exceptions->errorHandler(2, 'Attempt to read property "email" on null', 'APPPATH\\Views\\layouts\\admin\\header.php', 15)
 2 SYSTEMPATH\View\View.php(213): include('APPPATH\\Views\\layouts\\admin\\header.php')
 3 SYSTEMPATH\View\View.php(216): CodeIgniter\View\View->CodeIgniter\View\{closure}()
 4 SYSTEMPATH\View\View.php(429): CodeIgniter\View\View->render('layouts/admin/header', null, true)
 5 APPPATH\Views\layouts\admin\admin.php(22): CodeIgniter\View\View->include('layouts/admin/header')
 6 SYSTEMPATH\View\View.php(213): include('APPPATH\\Views\\layouts\\admin\\admin.php')
 7 SYSTEMPATH\View\View.php(216): CodeIgniter\View\View->CodeIgniter\View\{closure}()
 8 SYSTEMPATH\Common.php(1135): CodeIgniter\View\View->render('layouts/admin/admin', [], true)
 9 APPPATH\Controllers\Home.php(9): view('layouts/admin/admin')
10 SYSTEMPATH\CodeIgniter.php(896): App\Controllers\Home->index()
11 SYSTEMPATH\CodeIgniter.php(466): CodeIgniter\CodeIgniter->runController(Object(App\Controllers\Home))
12 SYSTEMPATH\CodeIgniter.php(349): CodeIgniter\CodeIgniter->handleRequest(null, Object(Config\Cache), false)
13 FCPATH\index.php(55): CodeIgniter\CodeIgniter->run()
14 SYSTEMPATH\Commands\Server\rewrite.php(43): require_once('FCPATH\\index.php')
CRITICAL - 2022-07-02 08:23:03 --> Attempt to read property "email" on null
in APPPATH\Views\layouts\admin\header.php on line 15.
 1 APPPATH\Views\layouts\admin\header.php(15): CodeIgniter\Debug\Exceptions->errorHandler(2, 'Attempt to read property "email" on null', 'APPPATH\\Views\\layouts\\admin\\header.php', 15)
 2 SYSTEMPATH\View\View.php(213): include('APPPATH\\Views\\layouts\\admin\\header.php')
 3 SYSTEMPATH\View\View.php(216): CodeIgniter\View\View->CodeIgniter\View\{closure}()
 4 SYSTEMPATH\View\View.php(429): CodeIgniter\View\View->render('layouts/admin/header', null, true)
 5 APPPATH\Views\layouts\admin\admin.php(22): CodeIgniter\View\View->include('layouts/admin/header')
 6 SYSTEMPATH\View\View.php(213): include('APPPATH\\Views\\layouts\\admin\\admin.php')
 7 SYSTEMPATH\View\View.php(216): CodeIgniter\View\View->CodeIgniter\View\{closure}()
 8 SYSTEMPATH\Common.php(1135): CodeIgniter\View\View->render('layouts/admin/admin', [], true)
 9 APPPATH\Controllers\Home.php(9): view('layouts/admin/admin')
10 SYSTEMPATH\CodeIgniter.php(896): App\Controllers\Home->index()
11 SYSTEMPATH\CodeIgniter.php(466): CodeIgniter\CodeIgniter->runController(Object(App\Controllers\Home))
12 SYSTEMPATH\CodeIgniter.php(349): CodeIgniter\CodeIgniter->handleRequest(null, Object(Config\Cache), false)
13 FCPATH\index.php(55): CodeIgniter\CodeIgniter->run()
14 SYSTEMPATH\Commands\Server\rewrite.php(43): require_once('FCPATH\\index.php')
CRITICAL - 2022-07-02 08:25:00 --> Attempt to read property "email" on null
in APPPATH\Views\layouts\admin\header.php on line 15.
 1 APPPATH\Views\layouts\admin\header.php(15): CodeIgniter\Debug\Exceptions->errorHandler(2, 'Attempt to read property "email" on null', 'APPPATH\\Views\\layouts\\admin\\header.php', 15)
 2 SYSTEMPATH\View\View.php(213): include('APPPATH\\Views\\layouts\\admin\\header.php')
 3 SYSTEMPATH\View\View.php(216): CodeIgniter\View\View->CodeIgniter\View\{closure}()
 4 SYSTEMPATH\View\View.php(429): CodeIgniter\View\View->render('layouts/admin/header', null, true)
 5 APPPATH\Views\layouts\admin\admin.php(22): CodeIgniter\View\View->include('layouts/admin/header')
 6 SYSTEMPATH\View\View.php(213): include('APPPATH\\Views\\layouts\\admin\\admin.php')
 7 SYSTEMPATH\View\View.php(216): CodeIgniter\View\View->CodeIgniter\View\{closure}()
 8 SYSTEMPATH\Common.php(1135): CodeIgniter\View\View->render('layouts/admin/admin', [], true)
 9 APPPATH\Controllers\Home.php(9): view('layouts/admin/admin')
10 SYSTEMPATH\CodeIgniter.php(896): App\Controllers\Home->index()
11 SYSTEMPATH\CodeIgniter.php(466): CodeIgniter\CodeIgniter->runController(Object(App\Controllers\Home))
12 SYSTEMPATH\CodeIgniter.php(349): CodeIgniter\CodeIgniter->handleRequest(null, Object(Config\Cache), false)
13 FCPATH\index.php(55): CodeIgniter\CodeIgniter->run()
14 SYSTEMPATH\Commands\Server\rewrite.php(43): require_once('FCPATH\\index.php')
CRITICAL - 2022-07-02 08:25:01 --> Attempt to read property "email" on null
in APPPATH\Views\layouts\admin\header.php on line 15.
 1 APPPATH\Views\layouts\admin\header.php(15): CodeIgniter\Debug\Exceptions->errorHandler(2, 'Attempt to read property "email" on null', 'APPPATH\\Views\\layouts\\admin\\header.php', 15)
 2 SYSTEMPATH\View\View.php(213): include('APPPATH\\Views\\layouts\\admin\\header.php')
 3 SYSTEMPATH\View\View.php(216): CodeIgniter\View\View->CodeIgniter\View\{closure}()
 4 SYSTEMPATH\View\View.php(429): CodeIgniter\View\View->render('layouts/admin/header', null, true)
 5 APPPATH\Views\layouts\admin\admin.php(22): CodeIgniter\View\View->include('layouts/admin/header')
 6 SYSTEMPATH\View\View.php(213): include('APPPATH\\Views\\layouts\\admin\\admin.php')
 7 SYSTEMPATH\View\View.php(216): CodeIgniter\View\View->CodeIgniter\View\{closure}()
 8 SYSTEMPATH\Common.php(1135): CodeIgniter\View\View->render('layouts/admin/admin', [], true)
 9 APPPATH\Controllers\Home.php(9): view('layouts/admin/admin')
10 SYSTEMPATH\CodeIgniter.php(896): App\Controllers\Home->index()
11 SYSTEMPATH\CodeIgniter.php(466): CodeIgniter\CodeIgniter->runController(Object(App\Controllers\Home))
12 SYSTEMPATH\CodeIgniter.php(349): CodeIgniter\CodeIgniter->handleRequest(null, Object(Config\Cache), false)
13 FCPATH\index.php(55): CodeIgniter\CodeIgniter->run()
14 SYSTEMPATH\Commands\Server\rewrite.php(43): require_once('FCPATH\\index.php')
CRITICAL - 2022-07-02 08:26:35 --> Attempt to read property "email" on null
in APPPATH\Views\layouts\admin\header.php on line 15.
 1 APPPATH\Views\layouts\admin\header.php(15): CodeIgniter\Debug\Exceptions->errorHandler(2, 'Attempt to read property "email" on null', 'APPPATH\\Views\\layouts\\admin\\header.php', 15)
 2 SYSTEMPATH\View\View.php(213): include('APPPATH\\Views\\layouts\\admin\\header.php')
 3 SYSTEMPATH\View\View.php(216): CodeIgniter\View\View->CodeIgniter\View\{closure}()
 4 SYSTEMPATH\View\View.php(429): CodeIgniter\View\View->render('layouts/admin/header', null, true)
 5 APPPATH\Views\layouts\admin\admin.php(22): CodeIgniter\View\View->include('layouts/admin/header')
 6 SYSTEMPATH\View\View.php(213): include('APPPATH\\Views\\layouts\\admin\\admin.php')
 7 SYSTEMPATH\View\View.php(216): CodeIgniter\View\View->CodeIgniter\View\{closure}()
 8 SYSTEMPATH\Common.php(1135): CodeIgniter\View\View->render('layouts/admin/admin', [], true)
 9 APPPATH\Controllers\Home.php(9): view('layouts/admin/admin')
10 SYSTEMPATH\CodeIgniter.php(896): App\Controllers\Home->index()
11 SYSTEMPATH\CodeIgniter.php(466): CodeIgniter\CodeIgniter->runController(Object(App\Controllers\Home))
12 SYSTEMPATH\CodeIgniter.php(349): CodeIgniter\CodeIgniter->handleRequest(null, Object(Config\Cache), false)
13 FCPATH\index.php(55): CodeIgniter\CodeIgniter->run()
14 SYSTEMPATH\Commands\Server\rewrite.php(43): require_once('FCPATH\\index.php')
