ERROR - 2022-07-03 07:17:20 --> Error connecting to the database: Access denied for user ''@'localhost' (using password: NO)
CRITICAL - 2022-07-03 07:39:24 --> Invalid file: admin/pages/consultant.php
in SYSTEMPATH\Exceptions\FrameworkException.php on line 33.
 1 SYSTEMPATH\View\View.php(201): CodeIgniter\Exceptions\FrameworkException::forInvalidFile('admin/pages/consultant.php')
 2 SYSTEMPATH\Common.php(1135): CodeIgniter\View\View->render('admin/pages/consultant', [], true)
 3 APPPATH\Controllers\Admin\ConsultantController.php(14): view('admin/pages/consultant', [...])
 4 SYSTEMPATH\CodeIgniter.php(896): App\Controllers\Admin\ConsultantController->index()
 5 SYSTEMPATH\CodeIgniter.php(466): CodeIgniter\CodeIgniter->runController(Object(App\Controllers\Admin\ConsultantController))
 6 SYSTEMPATH\CodeIgniter.php(349): CodeIgniter\CodeIgniter->handleRequest(null, Object(Config\Cache), false)
 7 FCPATH\index.php(55): CodeIgniter\CodeIgniter->run()
 8 SYSTEMPATH\Commands\Server\rewrite.php(43): require_once('FCPATH\\index.php')
CRITICAL - 2022-07-03 07:49:25 --> Attempt to read property "id" on array
in APPPATH\Views\admin\pages\consultant\form.php on line 14.
 1 APPPATH\Views\admin\pages\consultant\form.php(14): CodeIgniter\Debug\Exceptions->errorHandler(2, 'Attempt to read property "id" on array', 'APPPATH\\Views\\admin\\pages\\consultant\\form.php', 14)
 2 SYSTEMPATH\View\View.php(213): include('APPPATH\\Views\\admin\\pages\\consultant\\form.php')
 3 SYSTEMPATH\View\View.php(216): CodeIgniter\View\View->CodeIgniter\View\{closure}()
 4 SYSTEMPATH\Common.php(1135): CodeIgniter\View\View->render('admin/pages/consultant/form', [], true)
 5 APPPATH\Controllers\Admin\ConsultantController.php(26): view('admin/pages/consultant/form', [...])
 6 SYSTEMPATH\CodeIgniter.php(896): App\Controllers\Admin\ConsultantController->edit('3')
 7 SYSTEMPATH\CodeIgniter.php(466): CodeIgniter\CodeIgniter->runController(Object(App\Controllers\Admin\ConsultantController))
 8 SYSTEMPATH\CodeIgniter.php(349): CodeIgniter\CodeIgniter->handleRequest(null, Object(Config\Cache), false)
 9 FCPATH\index.php(55): CodeIgniter\CodeIgniter->run()
10 SYSTEMPATH\Commands\Server\rewrite.php(43): require_once('FCPATH\\index.php')
CRITICAL - 2022-07-03 07:49:34 --> Undefined array key "description"
in APPPATH\Views\admin\pages\consultant\form.php on line 38.
 1 APPPATH\Views\admin\pages\consultant\form.php(38): CodeIgniter\Debug\Exceptions->errorHandler(2, 'Undefined array key "description"', 'APPPATH\\Views\\admin\\pages\\consultant\\form.php', 38)
 2 SYSTEMPATH\View\View.php(213): include('APPPATH\\Views\\admin\\pages\\consultant\\form.php')
 3 SYSTEMPATH\View\View.php(216): CodeIgniter\View\View->CodeIgniter\View\{closure}()
 4 SYSTEMPATH\Common.php(1135): CodeIgniter\View\View->render('admin/pages/consultant/form', [], true)
 5 APPPATH\Controllers\Admin\ConsultantController.php(26): view('admin/pages/consultant/form', [...])
 6 SYSTEMPATH\CodeIgniter.php(896): App\Controllers\Admin\ConsultantController->edit('3')
 7 SYSTEMPATH\CodeIgniter.php(466): CodeIgniter\CodeIgniter->runController(Object(App\Controllers\Admin\ConsultantController))
 8 SYSTEMPATH\CodeIgniter.php(349): CodeIgniter\CodeIgniter->handleRequest(null, Object(Config\Cache), false)
 9 FCPATH\index.php(55): CodeIgniter\CodeIgniter->run()
10 SYSTEMPATH\Commands\Server\rewrite.php(43): require_once('FCPATH\\index.php')
ERROR - 2022-07-03 07:57:49 --> Duplicate entry 'username123@gmail.com' for key 'email'
CRITICAL - 2022-07-03 07:57:49 --> Duplicate entry 'username123@gmail.com' for key 'email'
in SYSTEMPATH\Database\MySQLi\Connection.php on line 292.
 1 SYSTEMPATH\Database\MySQLi\Connection.php(292): mysqli->query('INSERT INTO `users` (`name`, `username`, `email`, `phone`, `address`) VALUES (\'Payas Agung22\', \'consultant123\', \'username123@gmail.com\', \'087772818234\', \'Di jalan terbaik\')', 0)
 2 SYSTEMPATH\Database\BaseConnection.php(695): CodeIgniter\Database\MySQLi\Connection->execute('INSERT INTO `users` (`name`, `username`, `email`, `phone`, `address`) VALUES (\'Payas Agung22\', \'consultant123\', \'username123@gmail.com\', \'087772818234\', \'Di jalan terbaik\')')
 3 SYSTEMPATH\Database\BaseConnection.php(609): CodeIgniter\Database\BaseConnection->simpleQuery('INSERT INTO `users` (`name`, `username`, `email`, `phone`, `address`) VALUES (\'Payas Agung22\', \'consultant123\', \'username123@gmail.com\', \'087772818234\', \'Di jalan terbaik\')')
 4 SYSTEMPATH\Database\BaseBuilder.php(1904): CodeIgniter\Database\BaseConnection->query('INSERT INTO `users` (`name`, `username`, `email`, `phone`, `address`) VALUES (:name:, :username:, :email:, :phone:, :address:)', [...], false)
 5 SYSTEMPATH\Model.php(278): CodeIgniter\Database\BaseBuilder->insert()
 6 SYSTEMPATH\BaseModel.php(738): CodeIgniter\Model->doInsert([...])
 7 SYSTEMPATH\Model.php(666): CodeIgniter\BaseModel->insert([...], true)
 8 APPPATH\Controllers\Admin\ConsultantController.php(30): CodeIgniter\Model->insert([...])
 9 SYSTEMPATH\CodeIgniter.php(896): App\Controllers\Admin\ConsultantController->store()
10 SYSTEMPATH\CodeIgniter.php(466): CodeIgniter\CodeIgniter->runController(Object(App\Controllers\Admin\ConsultantController))
11 SYSTEMPATH\CodeIgniter.php(349): CodeIgniter\CodeIgniter->handleRequest(null, Object(Config\Cache), false)
12 FCPATH\index.php(55): CodeIgniter\CodeIgniter->run()
13 SYSTEMPATH\Commands\Server\rewrite.php(43): require_once('FCPATH\\index.php')
CRITICAL - 2022-07-03 08:07:23 --> Undefined variable $consultants
in APPPATH\Views\admin\pages\client\index.php on line 30.
 1 APPPATH\Views\admin\pages\client\index.php(30): CodeIgniter\Debug\Exceptions->errorHandler(2, 'Undefined variable $consultants', 'APPPATH\\Views\\admin\\pages\\client\\index.php', 30)
 2 SYSTEMPATH\View\View.php(213): include('APPPATH\\Views\\admin\\pages\\client\\index.php')
 3 SYSTEMPATH\View\View.php(216): CodeIgniter\View\View->CodeIgniter\View\{closure}()
 4 SYSTEMPATH\Common.php(1135): CodeIgniter\View\View->render('admin/pages/client/index', [], true)
 5 APPPATH\Controllers\Admin\ClientController.php(14): view('admin/pages/client/index', [...])
 6 SYSTEMPATH\CodeIgniter.php(896): App\Controllers\Admin\ClientController->index()
 7 SYSTEMPATH\CodeIgniter.php(466): CodeIgniter\CodeIgniter->runController(Object(App\Controllers\Admin\ClientController))
 8 SYSTEMPATH\CodeIgniter.php(349): CodeIgniter\CodeIgniter->handleRequest(null, Object(Config\Cache), false)
 9 FCPATH\index.php(55): CodeIgniter\CodeIgniter->run()
10 SYSTEMPATH\Commands\Server\rewrite.php(43): require_once('FCPATH\\index.php')
CRITICAL - 2022-07-03 08:08:12 --> Invalid file: admin/pages/client/form.php
in SYSTEMPATH\Exceptions\FrameworkException.php on line 33.
 1 SYSTEMPATH\View\View.php(201): CodeIgniter\Exceptions\FrameworkException::forInvalidFile('admin/pages/client/form.php')
 2 SYSTEMPATH\Common.php(1135): CodeIgniter\View\View->render('admin/pages/client/form', [], true)
 3 APPPATH\Controllers\Admin\ClientController.php(19): view('admin/pages/client/form')
 4 SYSTEMPATH\CodeIgniter.php(896): App\Controllers\Admin\ClientController->create()
 5 SYSTEMPATH\CodeIgniter.php(466): CodeIgniter\CodeIgniter->runController(Object(App\Controllers\Admin\ClientController))
 6 SYSTEMPATH\CodeIgniter.php(349): CodeIgniter\CodeIgniter->handleRequest(null, Object(Config\Cache), false)
 7 FCPATH\index.php(55): CodeIgniter\CodeIgniter->run()
 8 SYSTEMPATH\Commands\Server\rewrite.php(43): require_once('FCPATH\\index.php')
